<?xml version="1.0" encoding="UTF-8"?>
<!-- Generated by org.testng.reporters.JUnitReportReporter -->
<testsuite skipped="0" hostname="Gate6-126" name="org.seleniumhq.selenium.selenium_server.MvnTest" tests="1" failures="0" timestamp="04 Aug 2017 09:43:00 GMT" time="4.798" errors="0">
  <testcase name="Login" time="4.798" classname="org.seleniumhq.selenium.selenium_server.MvnTest"/>
</testsuite> <!-- org.seleniumhq.selenium.selenium_server.MvnTest -->
