<?xml version="1.0" encoding="UTF-8"?>
<!-- Generated by org.testng.reporters.JUnitReportReporter -->
<testsuite skipped="0" hostname="Gate6-122" name="Signup_Login.Login_Logout" tests="1" failures="0" timestamp="10 Jul 2017 11:27:30 GMT" time="5.282" errors="0">
  <testcase name="Login" time="5.282" classname="Signup_Login.Login_Logout"/>
</testsuite> <!-- Signup_Login.Login_Logout -->
