<?xml version="1.0" encoding="UTF-8"?>
<!-- Generated by org.testng.reporters.JUnitReportReporter -->
<testsuite hostname="Gate6-70" name="PR_Signup.AppStatusTest" tests="1" failures="0" timestamp="16 Aug 2017 07:00:37 GMT" time="34.529" errors="0">
  <testcase name="CheckApp_Status" time="34.529" classname="PR_Signup.AppStatusTest"/>
</testsuite> <!-- PR_Signup.AppStatusTest -->
