<?xml version="1.0" encoding="UTF-8"?>
<!-- Generated by org.testng.reporters.JUnitReportReporter -->
<testsuite hostname="Gate6-122" name="PR_Signup.InvalidEmailTest" tests="2" failures="0" timestamp="2 Aug 2017 11:06:51 GMT" time="100.523" errors="0">
  <testcase name="InvalidEmail_Validation1" time="99.753" classname="PR_Signup.InvalidEmailTest"/>
  <testcase name="InvalidEmail_Validation12" time="0.770" classname="PR_Signup.InvalidEmailTest"/>
</testsuite> <!-- PR_Signup.InvalidEmailTest -->
