<?xml version="1.0" encoding="UTF-8"?>
<!-- Generated by org.testng.reporters.JUnitReportReporter -->
<testsuite hostname="Gate6-70" name="PR_Signup.BlankFullNameTest" tests="1" failures="0" timestamp="9 Aug 2017 11:50:05 GMT" time="30.168" errors="0">
  <testcase name="FullName_Validation" time="30.168" classname="PR_Signup.BlankFullNameTest"/>
</testsuite> <!-- PR_Signup.BlankFullNameTest -->
