<?xml version="1.0" encoding="UTF-8"?>
<!-- Generated by org.testng.reporters.JUnitReportReporter -->
<testsuite hostname="Gate6-70" name="PR_Signup.InvalidEmailTest" tests="2" failures="0" timestamp="9 Aug 2017 11:50:05 GMT" time="40.931" errors="0">
  <testcase name="InvalidEmail_Validation12" time="0.524" classname="PR_Signup.InvalidEmailTest"/>
  <testcase name="InvalidEmail_Validation1" time="40.407" classname="PR_Signup.InvalidEmailTest"/>
</testsuite> <!-- PR_Signup.InvalidEmailTest -->
