<?xml version="1.0" encoding="UTF-8"?>
<!-- Generated by org.testng.reporters.JUnitReportReporter -->
<testsuite hostname="Gate6-70" name="PR_Signup.BlankEmailTest" tests="1" failures="0" timestamp="9 Aug 2017 11:50:05 GMT" time="46.530" errors="0">
  <testcase name="Email_Validation" time="46.530" classname="PR_Signup.BlankEmailTest"/>
</testsuite> <!-- PR_Signup.BlankEmailTest -->
